This file contains any messages produced by compilers while
running configure, to aid debugging if configure makes a mistake.

It was created by CppUTest configure 3.7.1, which was
generated by GNU Autoconf 2.69.  Invocation command line was

  $ ./configure 

## --------- ##
## Platform. ##
## --------- ##

hostname = Javiers-MacBook-Pro-2.local
uname -m = x86_64
uname -r = 18.7.0
uname -s = Darwin
uname -v = Darwin Kernel Version 18.7.0: Thu Jun 20 18:42:21 PDT 2019; root:xnu-4903.270.47~4/RELEASE_X86_64

/usr/bin/uname -p = i386
/bin/uname -X     = unknown

/bin/arch              = unknown
/usr/bin/arch -k       = unknown
/usr/convex/getsysinfo = unknown
/usr/bin/hostinfo      = Mach kernel version:
	 Darwin Kernel Version 18.7.0: Thu Jun 20 18:42:21 PDT 2019; root:xnu-4903.270.47~4/RELEASE_X86_64
Kernel configured for up to 4 processors.
2 processors are physically available.
4 processors are logically available.
Processor type: x86_64h (Intel x86-64h Haswell)
Processors active: 0 1 2 3
Primary memory available: 8.00 gigabytes
Default processor set: 381 tasks, 1876 threads, 4 processors
Load average: 2.74, Mach factor: 1.32
/bin/machine           = unknown
/usr/bin/oslevel       = unknown
/bin/universe          = unknown

PATH: /Library/Frameworks/Python.framework/Versions/3.7/bin
PATH: /Library/Frameworks/Python.framework/Versions/3.7/bin
PATH: /Library/Frameworks/Python.framework/Versions/3.7/bin
PATH: /Library/Frameworks/Python.framework/Versions/2.7/bin
PATH: /usr/local/bin
PATH: /usr/bin
PATH: /bin
PATH: /usr/sbin
PATH: /sbin
PATH: /Library/Frameworks/Python.framework/Versions/3.7/bin
PATH: /Library/Frameworks/Python.framework/Versions/2.7/bin


## ----------- ##
## Core tests. ##
## ----------- ##

configure:2628: checking for a BSD-compatible install
configure:2696: result: /usr/bin/install -c
configure:2707: checking whether build environment is sane
configure:2762: result: yes
configure:2913: checking for a thread-safe mkdir -p
configure:2952: result: ./install-sh -c -d
configure:2959: checking for gawk
configure:2989: result: no
configure:2959: checking for mawk
configure:2989: result: no
configure:2959: checking for nawk
configure:2989: result: no
configure:2959: checking for awk
configure:2975: found /usr/bin/awk
configure:2986: result: awk
configure:2997: checking whether make sets $(MAKE)
configure:3019: result: yes
configure:3048: checking whether make supports nested variables
configure:3065: result: yes
configure:3197: checking whether to enable maintainer-specific portions of Makefiles
configure:3206: result: no
configure:3252: checking build system type
configure:3266: result: x86_64-apple-darwin18.7.0
configure:3286: checking host system type
configure:3299: result: x86_64-apple-darwin18.7.0
configure:3340: checking how to print strings
configure:3367: result: printf
configure:3400: checking for style of include used by make
configure:3428: result: GNU
configure:3499: checking for gcc
configure:3515: found /usr/bin/gcc
configure:3526: result: gcc
configure:3755: checking for C compiler version
configure:3764: gcc --version >&5
Apple LLVM version 10.0.1 (clang-1001.0.46.4)
Target: x86_64-apple-darwin18.7.0
Thread model: posix
InstalledDir: /Applications/Xcode.app/Contents/Developer/Toolchains/XcodeDefault.xctoolchain/usr/bin
Configured with: --prefix=/Applications/Xcode.app/Contents/Developer/usr --with-gxx-include-dir=/Applications/Xcode.app/Contents/Developer/Platforms/MacOSX.platform/Developer/SDKs/MacOSX10.14.sdk/usr/include/c++/4.2.1
configure:3775: $? = 0
configure:3764: gcc -v >&5
Configured with: --prefix=/Applications/Xcode.app/Contents/Developer/usr --with-gxx-include-dir=/Applications/Xcode.app/Contents/Developer/Platforms/MacOSX.platform/Developer/SDKs/MacOSX10.14.sdk/usr/include/c++/4.2.1
Apple LLVM version 10.0.1 (clang-1001.0.46.4)
Target: x86_64-apple-darwin18.7.0
Thread model: posix
InstalledDir: /Applications/Xcode.app/Contents/Developer/Toolchains/XcodeDefault.xctoolchain/usr/bin
configure:3775: $? = 0
configure:3764: gcc -V >&5
clang: error: unsupported option '-V -Wno-atomic-implicit-seq-cst'
clang: error: no input files
configure:3775: $? = 1
configure:3764: gcc -qversion >&5
clang: error: unknown argument '-qversion', did you mean '--version'?
clang: error: no input files
configure:3775: $? = 1
configure:3795: checking whether the C compiler works
configure:3817: gcc    conftest.c  >&5
configure:3821: $? = 0
configure:3869: result: yes
configure:3872: checking for C compiler default output file name
configure:3874: result: a.out
configure:3880: checking for suffix of executables
configure:3887: gcc -o conftest    conftest.c  >&5
configure:3891: $? = 0
configure:3913: result: 
configure:3935: checking whether we are cross compiling
configure:3943: gcc -o conftest    conftest.c  >&5
configure:3947: $? = 0
configure:3954: ./conftest
configure:3958: $? = 0
configure:3973: result: no
configure:3978: checking for suffix of object files
configure:4000: gcc -c   conftest.c >&5
configure:4004: $? = 0
configure:4025: result: o
configure:4029: checking whether we are using the GNU C compiler
configure:4048: gcc -c   conftest.c >&5
configure:4048: $? = 0
configure:4057: result: yes
configure:4066: checking whether gcc accepts -g
configure:4086: gcc -c -g  conftest.c >&5
configure:4086: $? = 0
configure:4127: result: yes
configure:4144: checking for gcc option to accept ISO C89
configure:4207: gcc  -c -g -O2  conftest.c >&5
configure:4207: $? = 0
configure:4220: result: none needed
configure:4245: checking whether gcc understands -c and -o together
configure:4267: gcc -c conftest.c -o conftest2.o
configure:4270: $? = 0
configure:4267: gcc -c conftest.c -o conftest2.o
configure:4270: $? = 0
configure:4282: result: yes
configure:4301: checking dependency style of gcc
configure:4412: result: gcc3
configure:4427: checking for a sed that does not truncate output
configure:4491: result: /usr/bin/sed
configure:4509: checking for grep that handles long lines and -e
configure:4567: result: /usr/bin/grep
configure:4572: checking for egrep
configure:4634: result: /usr/bin/grep -E
configure:4639: checking for fgrep
configure:4701: result: /usr/bin/grep -F
configure:4736: checking for ld used by gcc
configure:4803: result: /Applications/Xcode.app/Contents/Developer/Toolchains/XcodeDefault.xctoolchain/usr/bin/ld
configure:4810: checking if the linker (/Applications/Xcode.app/Contents/Developer/Toolchains/XcodeDefault.xctoolchain/usr/bin/ld) is GNU ld
configure:4825: result: no
configure:4837: checking for BSD- or MS-compatible name lister (nm)
configure:4886: result: /usr/bin/nm -B
configure:5016: checking the name lister (/usr/bin/nm -B) interface
configure:5023: gcc -c -g -O2  conftest.c >&5
configure:5026: /usr/bin/nm -B "conftest.o"
configure:5029: output
00000000000001e4 S _some_variable
configure:5036: result: BSD nm
configure:5039: checking whether ln -s works
configure:5043: result: yes
configure:5051: checking the maximum length of command line arguments
configure:5182: result: 196608
configure:5199: checking whether the shell understands some XSI constructs
configure:5209: result: yes
configure:5213: checking whether the shell understands "+="
configure:5219: result: yes
configure:5254: checking how to convert x86_64-apple-darwin18.7.0 file names to x86_64-apple-darwin18.7.0 format
configure:5294: result: func_convert_file_noop
configure:5301: checking how to convert x86_64-apple-darwin18.7.0 file names to toolchain format
configure:5321: result: func_convert_file_noop
configure:5328: checking for /Applications/Xcode.app/Contents/Developer/Toolchains/XcodeDefault.xctoolchain/usr/bin/ld option to reload object files
configure:5335: result: -r
configure:5409: checking for objdump
configure:5425: found /usr/bin/objdump
configure:5436: result: objdump
configure:5468: checking how to recognize dependent libraries
configure:5666: result: pass_all
configure:5751: checking for dlltool
configure:5781: result: no
configure:5811: checking how to associate runtime and link libraries
configure:5838: result: printf %s\n
configure:5899: checking for ar
configure:5915: found /usr/bin/ar
configure:5926: result: ar
configure:5963: checking for archiver @FILE support
configure:5980: gcc -c -g -O2  conftest.c >&5
configure:5980: $? = 0
configure:5983: ar cru libconftest.a @conftest.lst >&5
ar: @conftest.lst: No such file or directory
configure:5986: $? = 1
configure:6006: result: no
configure:6064: checking for strip
configure:6080: found /usr/bin/strip
configure:6091: result: strip
configure:6163: checking for ranlib
configure:6179: found /usr/bin/ranlib
configure:6190: result: ranlib
configure:6292: checking command to parse /usr/bin/nm -B output from gcc object
configure:6412: gcc -c -g -O2  conftest.c >&5
configure:6415: $? = 0
configure:6419: /usr/bin/nm -B conftest.o \| sed -n -e 's/^.*[ ]\([BCDEGRST][BCDEGRST]*\)[ ][ ]*\([_A-Za-z][_A-Za-z0-9]*\)$/\1 \2 \2/p' | sed '/ __gnu_lto/d' \> conftest.nm
configure:6422: $? = 0
cannot find nm_test_var in conftest.nm
configure:6412: gcc -c -g -O2  conftest.c >&5
configure:6415: $? = 0
configure:6419: /usr/bin/nm -B conftest.o \| sed -n -e 's/^.*[ ]\([BCDEGRST][BCDEGRST]*\)[ ][ ]*_\([_A-Za-z][_A-Za-z0-9]*\)$/\1 _\2 \2/p' | sed '/ __gnu_lto/d' \> conftest.nm
configure:6422: $? = 0
configure:6488: gcc -o conftest -g -O2   conftest.c conftstm.o >&5
warning: (x86_64)  could not find object file symbol for symbol _main
configure:6491: $? = 0
configure:6529: result: ok
configure:6566: checking for sysroot
configure:6596: result: no
configure:6865: checking for mt
configure:6895: result: no
configure:6915: checking if : is a manifest tool
configure:6921: : '-?'
configure:6929: result: no
configure:6985: checking for dsymutil
configure:7001: found /usr/bin/dsymutil
configure:7012: result: dsymutil
configure:7077: checking for nmedit
configure:7093: found /usr/bin/nmedit
configure:7104: result: nmedit
configure:7169: checking for lipo
configure:7185: found /usr/bin/lipo
configure:7196: result: lipo
configure:7261: checking for otool
configure:7277: found /usr/bin/otool
configure:7288: result: otool
configure:7353: checking for otool64
configure:7383: result: no
configure:7428: checking for -single_module linker flag
gcc -g -O2  -o libconftest.dylib -dynamiclib -Wl,-single_module conftest.c
configure:7461: result: yes
configure:7464: checking for -exported_symbols_list linker flag
configure:7484: gcc -o conftest -g -O2   -Wl,-exported_symbols_list,conftest.sym conftest.c  >&5
configure:7484: $? = 0
configure:7494: result: yes
configure:7497: checking for -force_load linker flag
gcc -g -O2 -c -o conftest.o conftest.c
ar cru libconftest.a conftest.o
ranlib libconftest.a
gcc -g -O2  -o conftest conftest.c -Wl,-force_load,./libconftest.a
configure:7529: result: yes
configure:7571: checking how to run the C preprocessor
configure:7602: gcc -E  conftest.c
configure:7602: $? = 0
configure:7616: gcc -E  conftest.c
conftest.c:11:10: fatal error: 'ac_nonexistent.h' file not found
#include <ac_nonexistent.h>
         ^~~~~~~~~~~~~~~~~~
1 error generated.
configure:7616: $? = 1
configure: failed program was:
| /* confdefs.h */
| #define PACKAGE_NAME "CppUTest"
| #define PACKAGE_TARNAME "cpputest"
| #define PACKAGE_VERSION "3.7.1"
| #define PACKAGE_STRING "CppUTest 3.7.1"
| #define PACKAGE_BUGREPORT "https://github.com/cpputest/cpputest"
| #define PACKAGE_URL ""
| #define PACKAGE "cpputest"
| #define VERSION "3.7.1"
| /* end confdefs.h.  */
| #include <ac_nonexistent.h>
configure:7641: result: gcc -E
configure:7661: gcc -E  conftest.c
configure:7661: $? = 0
configure:7675: gcc -E  conftest.c
conftest.c:11:10: fatal error: 'ac_nonexistent.h' file not found
#include <ac_nonexistent.h>
         ^~~~~~~~~~~~~~~~~~
1 error generated.
configure:7675: $? = 1
configure: failed program was:
| /* confdefs.h */
| #define PACKAGE_NAME "CppUTest"
| #define PACKAGE_TARNAME "cpputest"
| #define PACKAGE_VERSION "3.7.1"
| #define PACKAGE_STRING "CppUTest 3.7.1"
| #define PACKAGE_BUGREPORT "https://github.com/cpputest/cpputest"
| #define PACKAGE_URL ""
| #define PACKAGE "cpputest"
| #define VERSION "3.7.1"
| /* end confdefs.h.  */
| #include <ac_nonexistent.h>
configure:7704: checking for ANSI C header files
configure:7724: gcc -c -g -O2  conftest.c >&5
configure:7724: $? = 0
configure:7797: gcc -o conftest -g -O2   conftest.c  >&5
configure:7797: $? = 0
configure:7797: ./conftest
configure:7797: $? = 0
configure:7808: result: yes
configure:7821: checking for sys/types.h
configure:7821: gcc -c -g -O2  conftest.c >&5
configure:7821: $? = 0
configure:7821: result: yes
configure:7821: checking for sys/stat.h
configure:7821: gcc -c -g -O2  conftest.c >&5
configure:7821: $? = 0
configure:7821: result: yes
configure:7821: checking for stdlib.h
configure:7821: gcc -c -g -O2  conftest.c >&5
configure:7821: $? = 0
configure:7821: result: yes
configure:7821: checking for string.h
configure:7821: gcc -c -g -O2  conftest.c >&5
configure:7821: $? = 0
configure:7821: result: yes
configure:7821: checking for memory.h
configure:7821: gcc -c -g -O2  conftest.c >&5
configure:7821: $? = 0
configure:7821: result: yes
configure:7821: checking for strings.h
configure:7821: gcc -c -g -O2  conftest.c >&5
configure:7821: $? = 0
configure:7821: result: yes
configure:7821: checking for inttypes.h
configure:7821: gcc -c -g -O2  conftest.c >&5
configure:7821: $? = 0
configure:7821: result: yes
configure:7821: checking for stdint.h
configure:7821: gcc -c -g -O2  conftest.c >&5
configure:7821: $? = 0
configure:7821: result: yes
configure:7821: checking for unistd.h
configure:7821: gcc -c -g -O2  conftest.c >&5
configure:7821: $? = 0
configure:7821: result: yes
configure:7835: checking for dlfcn.h
configure:7835: gcc -c -g -O2  conftest.c >&5
configure:7835: $? = 0
configure:7835: result: yes
configure:8039: checking for objdir
configure:8054: result: .libs
configure:8325: checking if gcc supports -fno-rtti -fno-exceptions
configure:8343: gcc -c -g -O2  -fno-rtti -fno-exceptions conftest.c >&5
configure:8347: $? = 0
configure:8360: result: yes
configure:8687: checking for gcc option to produce PIC
configure:8694: result: -fno-common -DPIC
configure:8702: checking if gcc PIC flag -fno-common -DPIC works
configure:8720: gcc -c -g -O2  -fno-common -DPIC -DPIC conftest.c >&5
configure:8724: $? = 0
configure:8737: result: yes
configure:8766: checking if gcc static flag -static works
configure:8794: result: no
configure:8809: checking if gcc supports -c -o file.o
configure:8830: gcc -c -g -O2  -o out/conftest2.o conftest.c >&5
configure:8834: $? = 0
configure:8856: result: yes
configure:8864: checking if gcc supports -c -o file.o
configure:8911: result: yes
configure:8944: checking whether the gcc linker (/Applications/Xcode.app/Contents/Developer/Toolchains/XcodeDefault.xctoolchain/usr/bin/ld) supports shared libraries
configure:10101: result: yes
configure:10341: checking dynamic linker characteristics
configure:11075: result: darwin18.7.0 dyld
configure:11182: checking how to hardcode library paths into programs
configure:11207: result: immediate
configure:11252: checking for dlopen in -ldl
configure:11277: gcc -o conftest -g -O2   conftest.c -ldl   >&5
configure:11277: $? = 0
configure:11286: result: yes
configure:11501: checking whether a program can dlopen itself
configure:11581: gcc -o conftest -g -O2  -DHAVE_DLFCN_H   conftest.c -ldl  >&5
configure:11584: $? = 0
configure:11602: result: yes
configure:11607: checking whether a statically linked program can dlopen itself
configure:11687: gcc -o conftest -g -O2  -DHAVE_DLFCN_H    conftest.c -ldl  >&5
configure:11690: $? = 0
configure:11708: result: yes
configure:11747: checking whether stripping libraries is possible
configure:11761: result: yes
configure:11787: checking if libtool supports shared libraries
configure:11789: result: yes
configure:11792: checking whether to build shared libraries
configure:11813: result: yes
configure:11816: checking whether to build static libraries
configure:11820: result: yes
configure:11921: checking for gcc
configure:11948: result: gcc
configure:12177: checking for C compiler version
configure:12186: gcc --version >&5
Apple LLVM version 10.0.1 (clang-1001.0.46.4)
Target: x86_64-apple-darwin18.7.0
Thread model: posix
InstalledDir: /Applications/Xcode.app/Contents/Developer/Toolchains/XcodeDefault.xctoolchain/usr/bin
Configured with: --prefix=/Applications/Xcode.app/Contents/Developer/usr --with-gxx-include-dir=/Applications/Xcode.app/Contents/Developer/Platforms/MacOSX.platform/Developer/SDKs/MacOSX10.14.sdk/usr/include/c++/4.2.1
configure:12197: $? = 0
configure:12186: gcc -v >&5
Configured with: --prefix=/Applications/Xcode.app/Contents/Developer/usr --with-gxx-include-dir=/Applications/Xcode.app/Contents/Developer/Platforms/MacOSX.platform/Developer/SDKs/MacOSX10.14.sdk/usr/include/c++/4.2.1
Apple LLVM version 10.0.1 (clang-1001.0.46.4)
Target: x86_64-apple-darwin18.7.0
Thread model: posix
InstalledDir: /Applications/Xcode.app/Contents/Developer/Toolchains/XcodeDefault.xctoolchain/usr/bin
configure:12197: $? = 0
configure:12186: gcc -V >&5
clang: error: unsupported option '-V -Wno-atomic-implicit-seq-cst'
clang: error: no input files
configure:12197: $? = 1
configure:12186: gcc -qversion >&5
clang: error: unknown argument '-qversion', did you mean '--version'?
clang: error: no input files
configure:12197: $? = 1
configure:12201: checking whether we are using the GNU C compiler
configure:12229: result: yes
configure:12238: checking whether gcc accepts -g
configure:12299: result: yes
configure:12316: checking for gcc option to accept ISO C89
configure:12392: result: none needed
configure:12417: checking whether gcc understands -c and -o together
configure:12454: result: yes
configure:12473: checking dependency style of gcc
configure:12584: result: gcc3
configure:12604: checking how to run the C preprocessor
configure:12674: result: gcc -E
configure:12694: gcc -E  conftest.c
configure:12694: $? = 0
configure:12708: gcc -E  conftest.c
conftest.c:23:10: fatal error: 'ac_nonexistent.h' file not found
#include <ac_nonexistent.h>
         ^~~~~~~~~~~~~~~~~~
1 error generated.
configure:12708: $? = 1
configure: failed program was:
| /* confdefs.h */
| #define PACKAGE_NAME "CppUTest"
| #define PACKAGE_TARNAME "cpputest"
| #define PACKAGE_VERSION "3.7.1"
| #define PACKAGE_STRING "CppUTest 3.7.1"
| #define PACKAGE_BUGREPORT "https://github.com/cpputest/cpputest"
| #define PACKAGE_URL ""
| #define PACKAGE "cpputest"
| #define VERSION "3.7.1"
| #define STDC_HEADERS 1
| #define HAVE_SYS_TYPES_H 1
| #define HAVE_SYS_STAT_H 1
| #define HAVE_STDLIB_H 1
| #define HAVE_STRING_H 1
| #define HAVE_MEMORY_H 1
| #define HAVE_STRINGS_H 1
| #define HAVE_INTTYPES_H 1
| #define HAVE_STDINT_H 1
| #define HAVE_UNISTD_H 1
| #define HAVE_DLFCN_H 1
| #define LT_OBJDIR ".libs/"
| /* end confdefs.h.  */
| #include <ac_nonexistent.h>
configure:12794: checking for g++
configure:12810: found /usr/bin/g++
configure:12821: result: g++
configure:12848: checking for C++ compiler version
configure:12857: g++ --version >&5
Apple LLVM version 10.0.1 (clang-1001.0.46.4)
Target: x86_64-apple-darwin18.7.0
Thread model: posix
InstalledDir: /Applications/Xcode.app/Contents/Developer/Toolchains/XcodeDefault.xctoolchain/usr/bin
Configured with: --prefix=/Applications/Xcode.app/Contents/Developer/usr --with-gxx-include-dir=/Applications/Xcode.app/Contents/Developer/Platforms/MacOSX.platform/Developer/SDKs/MacOSX10.14.sdk/usr/include/c++/4.2.1
configure:12868: $? = 0
configure:12857: g++ -v >&5
Configured with: --prefix=/Applications/Xcode.app/Contents/Developer/usr --with-gxx-include-dir=/Applications/Xcode.app/Contents/Developer/Platforms/MacOSX.platform/Developer/SDKs/MacOSX10.14.sdk/usr/include/c++/4.2.1
Apple LLVM version 10.0.1 (clang-1001.0.46.4)
Target: x86_64-apple-darwin18.7.0
Thread model: posix
InstalledDir: /Applications/Xcode.app/Contents/Developer/Toolchains/XcodeDefault.xctoolchain/usr/bin
configure:12868: $? = 0
configure:12857: g++ -V >&5
clang: error: unsupported option '-V -Wno-atomic-implicit-seq-cst'
clang: error: no input files
configure:12868: $? = 1
configure:12857: g++ -qversion >&5
clang: error: unknown argument '-qversion', did you mean '--version'?
clang: error: no input files
configure:12868: $? = 1
configure:12872: checking whether we are using the GNU C++ compiler
configure:12891: g++ -c   conftest.cpp >&5
configure:12891: $? = 0
configure:12900: result: yes
configure:12909: checking whether g++ accepts -g
configure:12929: g++ -c -g  conftest.cpp >&5
configure:12929: $? = 0
configure:12970: result: yes
configure:12995: checking dependency style of g++
configure:13106: result: gcc3
configure:13139: checking how to run the C++ preprocessor
configure:13166: g++ -E  conftest.cpp
configure:13166: $? = 0
configure:13180: g++ -E  conftest.cpp
conftest.cpp:23:10: fatal error: 'ac_nonexistent.h' file not found
#include <ac_nonexistent.h>
         ^~~~~~~~~~~~~~~~~~
1 error generated.
configure:13180: $? = 1
configure: failed program was:
| /* confdefs.h */
| #define PACKAGE_NAME "CppUTest"
| #define PACKAGE_TARNAME "cpputest"
| #define PACKAGE_VERSION "3.7.1"
| #define PACKAGE_STRING "CppUTest 3.7.1"
| #define PACKAGE_BUGREPORT "https://github.com/cpputest/cpputest"
| #define PACKAGE_URL ""
| #define PACKAGE "cpputest"
| #define VERSION "3.7.1"
| #define STDC_HEADERS 1
| #define HAVE_SYS_TYPES_H 1
| #define HAVE_SYS_STAT_H 1
| #define HAVE_STDLIB_H 1
| #define HAVE_STRING_H 1
| #define HAVE_MEMORY_H 1
| #define HAVE_STRINGS_H 1
| #define HAVE_INTTYPES_H 1
| #define HAVE_STDINT_H 1
| #define HAVE_UNISTD_H 1
| #define HAVE_DLFCN_H 1
| #define LT_OBJDIR ".libs/"
| /* end confdefs.h.  */
| #include <ac_nonexistent.h>
configure:13205: result: g++ -E
configure:13225: g++ -E  conftest.cpp
configure:13225: $? = 0
configure:13239: g++ -E  conftest.cpp
conftest.cpp:23:10: fatal error: 'ac_nonexistent.h' file not found
#include <ac_nonexistent.h>
         ^~~~~~~~~~~~~~~~~~
1 error generated.
configure:13239: $? = 1
configure: failed program was:
| /* confdefs.h */
| #define PACKAGE_NAME "CppUTest"
| #define PACKAGE_TARNAME "cpputest"
| #define PACKAGE_VERSION "3.7.1"
| #define PACKAGE_STRING "CppUTest 3.7.1"
| #define PACKAGE_BUGREPORT "https://github.com/cpputest/cpputest"
| #define PACKAGE_URL ""
| #define PACKAGE "cpputest"
| #define VERSION "3.7.1"
| #define STDC_HEADERS 1
| #define HAVE_SYS_TYPES_H 1
| #define HAVE_SYS_STAT_H 1
| #define HAVE_STDLIB_H 1
| #define HAVE_STRING_H 1
| #define HAVE_MEMORY_H 1
| #define HAVE_STRINGS_H 1
| #define HAVE_INTTYPES_H 1
| #define HAVE_STDINT_H 1
| #define HAVE_UNISTD_H 1
| #define HAVE_DLFCN_H 1
| #define LT_OBJDIR ".libs/"
| /* end confdefs.h.  */
| #include <ac_nonexistent.h>
configure:13408: checking for ld used by g++
configure:13475: result: /Applications/Xcode.app/Contents/Developer/Toolchains/XcodeDefault.xctoolchain/usr/bin/ld
configure:13482: checking if the linker (/Applications/Xcode.app/Contents/Developer/Toolchains/XcodeDefault.xctoolchain/usr/bin/ld) is GNU ld
configure:13497: result: no
configure:13552: checking whether the g++ linker (/Applications/Xcode.app/Contents/Developer/Toolchains/XcodeDefault.xctoolchain/usr/bin/ld) supports shared libraries
configure:14554: result: yes
configure:14590: g++ -c -g -O2  conftest.cpp >&5
configure:14593: $? = 0
configure:15113: checking for g++ option to produce PIC
configure:15120: result: -fno-common -DPIC
configure:15128: checking if g++ PIC flag -fno-common -DPIC works
configure:15146: g++ -c -g -O2  -fno-common -DPIC -DPIC conftest.cpp >&5
configure:15150: $? = 0
configure:15163: result: yes
configure:15186: checking if g++ static flag -static works
configure:15214: result: no
configure:15226: checking if g++ supports -c -o file.o
configure:15247: g++ -c -g -O2  -o out/conftest2.o conftest.cpp >&5
configure:15251: $? = 0
configure:15273: result: yes
configure:15278: checking if g++ supports -c -o file.o
configure:15325: result: yes
configure:15355: checking whether the g++ linker (/Applications/Xcode.app/Contents/Developer/Toolchains/XcodeDefault.xctoolchain/usr/bin/ld) supports shared libraries
configure:15394: result: yes
configure:15535: checking dynamic linker characteristics
configure:16203: result: darwin18.7.0 dyld
configure:16256: checking how to hardcode library paths into programs
configure:16281: result: immediate
configure:16321: checking whether ln -s works
configure:16325: result: yes
configure:16332: checking whether make sets $(MAKE)
configure:16354: result: yes
configure:16375: checking whether make supports nested variables
configure:16392: result: yes
configure:16569: checking for the pthreads library -lpthreads
configure:16602: gcc -o conftest -g -O2    conftest.c -lpthreads  >&5
conftest.c:28:41: warning: null passed to a callee that requires a non-null argument [-Wnonnull]
                     pthread_attr_init(0); pthread_cleanup_push(0, 0);
                                       ~^
conftest.c:29:44: warning: null passed to a callee that requires a non-null argument [-Wnonnull]
                     pthread_create(0,0,0,0); pthread_cleanup_pop(0);
                                    ~      ^
conftest.c:29:44: warning: null passed to a callee that requires a non-null argument [-Wnonnull]
                     pthread_create(0,0,0,0); pthread_cleanup_pop(0);
                                        ~  ^
3 warnings generated.
ld: library not found for -lpthreads
clang: error: linker command failed with exit code 1 (use -v to see invocation)
configure:16602: $? = 1
configure: failed program was:
| /* confdefs.h */
| #define PACKAGE_NAME "CppUTest"
| #define PACKAGE_TARNAME "cpputest"
| #define PACKAGE_VERSION "3.7.1"
| #define PACKAGE_STRING "CppUTest 3.7.1"
| #define PACKAGE_BUGREPORT "https://github.com/cpputest/cpputest"
| #define PACKAGE_URL ""
| #define PACKAGE "cpputest"
| #define VERSION "3.7.1"
| #define STDC_HEADERS 1
| #define HAVE_SYS_TYPES_H 1
| #define HAVE_SYS_STAT_H 1
| #define HAVE_STDLIB_H 1
| #define HAVE_STRING_H 1
| #define HAVE_MEMORY_H 1
| #define HAVE_STRINGS_H 1
| #define HAVE_INTTYPES_H 1
| #define HAVE_STDINT_H 1
| #define HAVE_UNISTD_H 1
| #define HAVE_DLFCN_H 1
| #define LT_OBJDIR ".libs/"
| /* end confdefs.h.  */
| #include <pthread.h>
| int
| main ()
| {
| pthread_t th; pthread_join(th, 0);
|                      pthread_attr_init(0); pthread_cleanup_push(0, 0);
|                      pthread_create(0,0,0,0); pthread_cleanup_pop(0);
|   ;
|   return 0;
| }
configure:16611: result: no
configure:16514: checking whether pthreads work without any flags
configure:16602: gcc -o conftest -g -O2    conftest.c   >&5
conftest.c:28:41: warning: null passed to a callee that requires a non-null argument [-Wnonnull]
                     pthread_attr_init(0); pthread_cleanup_push(0, 0);
                                       ~^
conftest.c:29:44: warning: null passed to a callee that requires a non-null argument [-Wnonnull]
                     pthread_create(0,0,0,0); pthread_cleanup_pop(0);
                                    ~      ^
conftest.c:29:44: warning: null passed to a callee that requires a non-null argument [-Wnonnull]
                     pthread_create(0,0,0,0); pthread_cleanup_pop(0);
                                        ~  ^
3 warnings generated.
configure:16602: $? = 0
configure:16611: result: yes
configure:16630: checking for joinable pthread attribute
configure:16645: gcc -o conftest -g -O2    conftest.c   >&5
configure:16645: $? = 0
configure:16651: result: PTHREAD_CREATE_JOINABLE
configure:16661: checking if more special flags are required for pthreads
configure:16668: result: -D_THREAD_SAFE
configure:16756: checking if we can link -lpthread to work around a gcc bug (on MacOSX)
configure:16769: gcc -o conftest -g -O2   conftest.c -lpthread >&5
configure:16769: $? = 0
configure:16770: result: yes
configure:16783: checking stddef.h usability
configure:16783: gcc -c -g -O2  conftest.c >&5
configure:16783: $? = 0
configure:16783: result: yes
configure:16783: checking stddef.h presence
configure:16783: gcc -E  conftest.c
configure:16783: $? = 0
configure:16783: result: yes
configure:16783: checking for stddef.h
configure:16783: result: yes
configure:16783: checking for stdint.h
configure:16783: result: yes
configure:16783: checking for stdlib.h
configure:16783: result: yes
configure:16783: checking for string.h
configure:16783: result: yes
configure:16783: checking sys/time.h usability
configure:16783: gcc -c -g -O2  conftest.c >&5
configure:16783: $? = 0
configure:16783: result: yes
configure:16783: checking sys/time.h presence
configure:16783: gcc -E  conftest.c
configure:16783: $? = 0
configure:16783: result: yes
configure:16783: checking for sys/time.h
configure:16783: result: yes
configure:16783: checking for unistd.h
configure:16783: result: yes
configure:16794: checking for inline
configure:16810: gcc -c -g -O2  conftest.c >&5
configure:16810: $? = 0
configure:16818: result: inline
configure:16836: checking for int16_t
configure:16836: gcc -c -g -O2  conftest.c >&5
configure:16836: $? = 0
configure:16836: gcc -c -g -O2  conftest.c >&5
conftest.c:66:24: error: 'test_array' declared as an array with a negative size
static int test_array [1 - 2 * !((int16_t) (((((int16_t) 1 << N) << N) - 1) * 2 + 1)
                       ^~~~~~~~~~~~~~~~~~~~~~~~~~~~~~~~~~~~~~~~~~~~~~~~~~~~~~~~~~~~~
1 error generated.
configure:16836: $? = 1
configure: failed program was:
| /* confdefs.h */
| #define PACKAGE_NAME "CppUTest"
| #define PACKAGE_TARNAME "cpputest"
| #define PACKAGE_VERSION "3.7.1"
| #define PACKAGE_STRING "CppUTest 3.7.1"
| #define PACKAGE_BUGREPORT "https://github.com/cpputest/cpputest"
| #define PACKAGE_URL ""
| #define PACKAGE "cpputest"
| #define VERSION "3.7.1"
| #define STDC_HEADERS 1
| #define HAVE_SYS_TYPES_H 1
| #define HAVE_SYS_STAT_H 1
| #define HAVE_STDLIB_H 1
| #define HAVE_STRING_H 1
| #define HAVE_MEMORY_H 1
| #define HAVE_STRINGS_H 1
| #define HAVE_INTTYPES_H 1
| #define HAVE_STDINT_H 1
| #define HAVE_UNISTD_H 1
| #define HAVE_DLFCN_H 1
| #define LT_OBJDIR ".libs/"
| #define HAVE_STDDEF_H 1
| #define HAVE_STDINT_H 1
| #define HAVE_STDLIB_H 1
| #define HAVE_STRING_H 1
| #define HAVE_SYS_TIME_H 1
| #define HAVE_UNISTD_H 1
| /* end confdefs.h.  */
| #include <stdio.h>
| #ifdef HAVE_SYS_TYPES_H
| # include <sys/types.h>
| #endif
| #ifdef HAVE_SYS_STAT_H
| # include <sys/stat.h>
| #endif
| #ifdef STDC_HEADERS
| # include <stdlib.h>
| # include <stddef.h>
| #else
| # ifdef HAVE_STDLIB_H
| #  include <stdlib.h>
| # endif
| #endif
| #ifdef HAVE_STRING_H
| # if !defined STDC_HEADERS && defined HAVE_MEMORY_H
| #  include <memory.h>
| # endif
| # include <string.h>
| #endif
| #ifdef HAVE_STRINGS_H
| # include <strings.h>
| #endif
| #ifdef HAVE_INTTYPES_H
| # include <inttypes.h>
| #endif
| #ifdef HAVE_STDINT_H
| # include <stdint.h>
| #endif
| #ifdef HAVE_UNISTD_H
| # include <unistd.h>
| #endif
| 	        enum { N = 16 / 2 - 1 };
| int
| main ()
| {
| static int test_array [1 - 2 * !((int16_t) (((((int16_t) 1 << N) << N) - 1) * 2 + 1)
| 		 < (int16_t) (((((int16_t) 1 << N) << N) - 1) * 2 + 2))];
| test_array [0] = 0;
| return test_array [0];
| 
|   ;
|   return 0;
| }
configure:16836: result: yes
configure:16847: checking for int32_t
configure:16847: gcc -c -g -O2  conftest.c >&5
configure:16847: $? = 0
configure:16847: gcc -c -g -O2  conftest.c >&5
conftest.c:66:24: error: 'test_array' declared as an array with a negative size
static int test_array [1 - 2 * !((int32_t) (((((int32_t) 1 << N) << N) - 1) * 2 + 1)
                       ^~~~~~~~~~~~~~~~~~~~~~~~~~~~~~~~~~~~~~~~~~~~~~~~~~~~~~~~~~~~~
1 error generated.
configure:16847: $? = 1
configure: failed program was:
| /* confdefs.h */
| #define PACKAGE_NAME "CppUTest"
| #define PACKAGE_TARNAME "cpputest"
| #define PACKAGE_VERSION "3.7.1"
| #define PACKAGE_STRING "CppUTest 3.7.1"
| #define PACKAGE_BUGREPORT "https://github.com/cpputest/cpputest"
| #define PACKAGE_URL ""
| #define PACKAGE "cpputest"
| #define VERSION "3.7.1"
| #define STDC_HEADERS 1
| #define HAVE_SYS_TYPES_H 1
| #define HAVE_SYS_STAT_H 1
| #define HAVE_STDLIB_H 1
| #define HAVE_STRING_H 1
| #define HAVE_MEMORY_H 1
| #define HAVE_STRINGS_H 1
| #define HAVE_INTTYPES_H 1
| #define HAVE_STDINT_H 1
| #define HAVE_UNISTD_H 1
| #define HAVE_DLFCN_H 1
| #define LT_OBJDIR ".libs/"
| #define HAVE_STDDEF_H 1
| #define HAVE_STDINT_H 1
| #define HAVE_STDLIB_H 1
| #define HAVE_STRING_H 1
| #define HAVE_SYS_TIME_H 1
| #define HAVE_UNISTD_H 1
| /* end confdefs.h.  */
| #include <stdio.h>
| #ifdef HAVE_SYS_TYPES_H
| # include <sys/types.h>
| #endif
| #ifdef HAVE_SYS_STAT_H
| # include <sys/stat.h>
| #endif
| #ifdef STDC_HEADERS
| # include <stdlib.h>
| # include <stddef.h>
| #else
| # ifdef HAVE_STDLIB_H
| #  include <stdlib.h>
| # endif
| #endif
| #ifdef HAVE_STRING_H
| # if !defined STDC_HEADERS && defined HAVE_MEMORY_H
| #  include <memory.h>
| # endif
| # include <string.h>
| #endif
| #ifdef HAVE_STRINGS_H
| # include <strings.h>
| #endif
| #ifdef HAVE_INTTYPES_H
| # include <inttypes.h>
| #endif
| #ifdef HAVE_STDINT_H
| # include <stdint.h>
| #endif
| #ifdef HAVE_UNISTD_H
| # include <unistd.h>
| #endif
| 	        enum { N = 32 / 2 - 1 };
| int
| main ()
| {
| static int test_array [1 - 2 * !((int32_t) (((((int32_t) 1 << N) << N) - 1) * 2 + 1)
| 		 < (int32_t) (((((int32_t) 1 << N) << N) - 1) * 2 + 2))];
| test_array [0] = 0;
| return test_array [0];
| 
|   ;
|   return 0;
| }
configure:16847: result: yes
configure:16858: checking for int64_t
configure:16858: gcc -c -g -O2  conftest.c >&5
configure:16858: $? = 0
configure:16858: gcc -c -g -O2  conftest.c >&5
conftest.c:66:24: error: 'test_array' declared as an array with a negative size
static int test_array [1 - 2 * !((int64_t) (((((int64_t) 1 << N) << N) - 1) * 2 + 1)
                       ^~~~~~~~~~~~~~~~~~~~~~~~~~~~~~~~~~~~~~~~~~~~~~~~~~~~~~~~~~~~~
1 error generated.
configure:16858: $? = 1
configure: failed program was:
| /* confdefs.h */
| #define PACKAGE_NAME "CppUTest"
| #define PACKAGE_TARNAME "cpputest"
| #define PACKAGE_VERSION "3.7.1"
| #define PACKAGE_STRING "CppUTest 3.7.1"
| #define PACKAGE_BUGREPORT "https://github.com/cpputest/cpputest"
| #define PACKAGE_URL ""
| #define PACKAGE "cpputest"
| #define VERSION "3.7.1"
| #define STDC_HEADERS 1
| #define HAVE_SYS_TYPES_H 1
| #define HAVE_SYS_STAT_H 1
| #define HAVE_STDLIB_H 1
| #define HAVE_STRING_H 1
| #define HAVE_MEMORY_H 1
| #define HAVE_STRINGS_H 1
| #define HAVE_INTTYPES_H 1
| #define HAVE_STDINT_H 1
| #define HAVE_UNISTD_H 1
| #define HAVE_DLFCN_H 1
| #define LT_OBJDIR ".libs/"
| #define HAVE_STDDEF_H 1
| #define HAVE_STDINT_H 1
| #define HAVE_STDLIB_H 1
| #define HAVE_STRING_H 1
| #define HAVE_SYS_TIME_H 1
| #define HAVE_UNISTD_H 1
| /* end confdefs.h.  */
| #include <stdio.h>
| #ifdef HAVE_SYS_TYPES_H
| # include <sys/types.h>
| #endif
| #ifdef HAVE_SYS_STAT_H
| # include <sys/stat.h>
| #endif
| #ifdef STDC_HEADERS
| # include <stdlib.h>
| # include <stddef.h>
| #else
| # ifdef HAVE_STDLIB_H
| #  include <stdlib.h>
| # endif
| #endif
| #ifdef HAVE_STRING_H
| # if !defined STDC_HEADERS && defined HAVE_MEMORY_H
| #  include <memory.h>
| # endif
| # include <string.h>
| #endif
| #ifdef HAVE_STRINGS_H
| # include <strings.h>
| #endif
| #ifdef HAVE_INTTYPES_H
| # include <inttypes.h>
| #endif
| #ifdef HAVE_STDINT_H
| # include <stdint.h>
| #endif
| #ifdef HAVE_UNISTD_H
| # include <unistd.h>
| #endif
| 	        enum { N = 64 / 2 - 1 };
| int
| main ()
| {
| static int test_array [1 - 2 * !((int64_t) (((((int64_t) 1 << N) << N) - 1) * 2 + 1)
| 		 < (int64_t) (((((int64_t) 1 << N) << N) - 1) * 2 + 2))];
| test_array [0] = 0;
| return test_array [0];
| 
|   ;
|   return 0;
| }
configure:16858: result: yes
configure:16869: checking for int8_t
configure:16869: gcc -c -g -O2  conftest.c >&5
configure:16869: $? = 0
configure:16869: gcc -c -g -O2  conftest.c >&5
conftest.c:66:24: error: 'test_array' declared as an array with a negative size
static int test_array [1 - 2 * !((int8_t) (((((int8_t) 1 << N) << N) - 1) * 2 + 1)
                       ^~~~~~~~~~~~~~~~~~~~~~~~~~~~~~~~~~~~~~~~~~~~~~~~~~~~~~~~~~~
1 error generated.
configure:16869: $? = 1
configure: failed program was:
| /* confdefs.h */
| #define PACKAGE_NAME "CppUTest"
| #define PACKAGE_TARNAME "cpputest"
| #define PACKAGE_VERSION "3.7.1"
| #define PACKAGE_STRING "CppUTest 3.7.1"
| #define PACKAGE_BUGREPORT "https://github.com/cpputest/cpputest"
| #define PACKAGE_URL ""
| #define PACKAGE "cpputest"
| #define VERSION "3.7.1"
| #define STDC_HEADERS 1
| #define HAVE_SYS_TYPES_H 1
| #define HAVE_SYS_STAT_H 1
| #define HAVE_STDLIB_H 1
| #define HAVE_STRING_H 1
| #define HAVE_MEMORY_H 1
| #define HAVE_STRINGS_H 1
| #define HAVE_INTTYPES_H 1
| #define HAVE_STDINT_H 1
| #define HAVE_UNISTD_H 1
| #define HAVE_DLFCN_H 1
| #define LT_OBJDIR ".libs/"
| #define HAVE_STDDEF_H 1
| #define HAVE_STDINT_H 1
| #define HAVE_STDLIB_H 1
| #define HAVE_STRING_H 1
| #define HAVE_SYS_TIME_H 1
| #define HAVE_UNISTD_H 1
| /* end confdefs.h.  */
| #include <stdio.h>
| #ifdef HAVE_SYS_TYPES_H
| # include <sys/types.h>
| #endif
| #ifdef HAVE_SYS_STAT_H
| # include <sys/stat.h>
| #endif
| #ifdef STDC_HEADERS
| # include <stdlib.h>
| # include <stddef.h>
| #else
| # ifdef HAVE_STDLIB_H
| #  include <stdlib.h>
| # endif
| #endif
| #ifdef HAVE_STRING_H
| # if !defined STDC_HEADERS && defined HAVE_MEMORY_H
| #  include <memory.h>
| # endif
| # include <string.h>
| #endif
| #ifdef HAVE_STRINGS_H
| # include <strings.h>
| #endif
| #ifdef HAVE_INTTYPES_H
| # include <inttypes.h>
| #endif
| #ifdef HAVE_STDINT_H
| # include <stdint.h>
| #endif
| #ifdef HAVE_UNISTD_H
| # include <unistd.h>
| #endif
| 	        enum { N = 8 / 2 - 1 };
| int
| main ()
| {
| static int test_array [1 - 2 * !((int8_t) (((((int8_t) 1 << N) << N) - 1) * 2 + 1)
| 		 < (int8_t) (((((int8_t) 1 << N) << N) - 1) * 2 + 2))];
| test_array [0] = 0;
| return test_array [0];
| 
|   ;
|   return 0;
| }
configure:16869: result: yes
configure:16880: checking for pid_t
configure:16880: gcc -c -g -O2  conftest.c >&5
configure:16880: $? = 0
configure:16880: gcc -c -g -O2  conftest.c >&5
conftest.c:65:20: error: expected expression
if (sizeof ((pid_t)))
                   ^
1 error generated.
configure:16880: $? = 1
configure: failed program was:
| /* confdefs.h */
| #define PACKAGE_NAME "CppUTest"
| #define PACKAGE_TARNAME "cpputest"
| #define PACKAGE_VERSION "3.7.1"
| #define PACKAGE_STRING "CppUTest 3.7.1"
| #define PACKAGE_BUGREPORT "https://github.com/cpputest/cpputest"
| #define PACKAGE_URL ""
| #define PACKAGE "cpputest"
| #define VERSION "3.7.1"
| #define STDC_HEADERS 1
| #define HAVE_SYS_TYPES_H 1
| #define HAVE_SYS_STAT_H 1
| #define HAVE_STDLIB_H 1
| #define HAVE_STRING_H 1
| #define HAVE_MEMORY_H 1
| #define HAVE_STRINGS_H 1
| #define HAVE_INTTYPES_H 1
| #define HAVE_STDINT_H 1
| #define HAVE_UNISTD_H 1
| #define HAVE_DLFCN_H 1
| #define LT_OBJDIR ".libs/"
| #define HAVE_STDDEF_H 1
| #define HAVE_STDINT_H 1
| #define HAVE_STDLIB_H 1
| #define HAVE_STRING_H 1
| #define HAVE_SYS_TIME_H 1
| #define HAVE_UNISTD_H 1
| /* end confdefs.h.  */
| #include <stdio.h>
| #ifdef HAVE_SYS_TYPES_H
| # include <sys/types.h>
| #endif
| #ifdef HAVE_SYS_STAT_H
| # include <sys/stat.h>
| #endif
| #ifdef STDC_HEADERS
| # include <stdlib.h>
| # include <stddef.h>
| #else
| # ifdef HAVE_STDLIB_H
| #  include <stdlib.h>
| # endif
| #endif
| #ifdef HAVE_STRING_H
| # if !defined STDC_HEADERS && defined HAVE_MEMORY_H
| #  include <memory.h>
| # endif
| # include <string.h>
| #endif
| #ifdef HAVE_STRINGS_H
| # include <strings.h>
| #endif
| #ifdef HAVE_INTTYPES_H
| # include <inttypes.h>
| #endif
| #ifdef HAVE_STDINT_H
| # include <stdint.h>
| #endif
| #ifdef HAVE_UNISTD_H
| # include <unistd.h>
| #endif
| int
| main ()
| {
| if (sizeof ((pid_t)))
| 	    return 0;
|   ;
|   return 0;
| }
configure:16880: result: yes
configure:16891: checking for size_t
configure:16891: gcc -c -g -O2  conftest.c >&5
configure:16891: $? = 0
configure:16891: gcc -c -g -O2  conftest.c >&5
conftest.c:65:21: error: expected expression
if (sizeof ((size_t)))
                    ^
1 error generated.
configure:16891: $? = 1
configure: failed program was:
| /* confdefs.h */
| #define PACKAGE_NAME "CppUTest"
| #define PACKAGE_TARNAME "cpputest"
| #define PACKAGE_VERSION "3.7.1"
| #define PACKAGE_STRING "CppUTest 3.7.1"
| #define PACKAGE_BUGREPORT "https://github.com/cpputest/cpputest"
| #define PACKAGE_URL ""
| #define PACKAGE "cpputest"
| #define VERSION "3.7.1"
| #define STDC_HEADERS 1
| #define HAVE_SYS_TYPES_H 1
| #define HAVE_SYS_STAT_H 1
| #define HAVE_STDLIB_H 1
| #define HAVE_STRING_H 1
| #define HAVE_MEMORY_H 1
| #define HAVE_STRINGS_H 1
| #define HAVE_INTTYPES_H 1
| #define HAVE_STDINT_H 1
| #define HAVE_UNISTD_H 1
| #define HAVE_DLFCN_H 1
| #define LT_OBJDIR ".libs/"
| #define HAVE_STDDEF_H 1
| #define HAVE_STDINT_H 1
| #define HAVE_STDLIB_H 1
| #define HAVE_STRING_H 1
| #define HAVE_SYS_TIME_H 1
| #define HAVE_UNISTD_H 1
| /* end confdefs.h.  */
| #include <stdio.h>
| #ifdef HAVE_SYS_TYPES_H
| # include <sys/types.h>
| #endif
| #ifdef HAVE_SYS_STAT_H
| # include <sys/stat.h>
| #endif
| #ifdef STDC_HEADERS
| # include <stdlib.h>
| # include <stddef.h>
| #else
| # ifdef HAVE_STDLIB_H
| #  include <stdlib.h>
| # endif
| #endif
| #ifdef HAVE_STRING_H
| # if !defined STDC_HEADERS && defined HAVE_MEMORY_H
| #  include <memory.h>
| # endif
| # include <string.h>
| #endif
| #ifdef HAVE_STRINGS_H
| # include <strings.h>
| #endif
| #ifdef HAVE_INTTYPES_H
| # include <inttypes.h>
| #endif
| #ifdef HAVE_STDINT_H
| # include <stdint.h>
| #endif
| #ifdef HAVE_UNISTD_H
| # include <unistd.h>
| #endif
| int
| main ()
| {
| if (sizeof ((size_t)))
| 	    return 0;
|   ;
|   return 0;
| }
configure:16891: result: yes
configure:16902: checking for uint16_t
configure:16902: gcc -c -g -O2  conftest.c >&5
configure:16902: $? = 0
configure:16902: result: yes
configure:16914: checking for uint32_t
configure:16914: gcc -c -g -O2  conftest.c >&5
configure:16914: $? = 0
configure:16914: result: yes
configure:16928: checking for uint64_t
configure:16928: gcc -c -g -O2  conftest.c >&5
configure:16928: $? = 0
configure:16928: result: yes
configure:16942: checking for uint8_t
configure:16942: gcc -c -g -O2  conftest.c >&5
configure:16942: $? = 0
configure:16942: result: yes
configure:16960: checking vfork.h usability
configure:16960: gcc -c -g -O2  conftest.c >&5
conftest.c:62:10: fatal error: 'vfork.h' file not found
#include <vfork.h>
         ^~~~~~~~~
1 error generated.
configure:16960: $? = 1
configure: failed program was:
| /* confdefs.h */
| #define PACKAGE_NAME "CppUTest"
| #define PACKAGE_TARNAME "cpputest"
| #define PACKAGE_VERSION "3.7.1"
| #define PACKAGE_STRING "CppUTest 3.7.1"
| #define PACKAGE_BUGREPORT "https://github.com/cpputest/cpputest"
| #define PACKAGE_URL ""
| #define PACKAGE "cpputest"
| #define VERSION "3.7.1"
| #define STDC_HEADERS 1
| #define HAVE_SYS_TYPES_H 1
| #define HAVE_SYS_STAT_H 1
| #define HAVE_STDLIB_H 1
| #define HAVE_STRING_H 1
| #define HAVE_MEMORY_H 1
| #define HAVE_STRINGS_H 1
| #define HAVE_INTTYPES_H 1
| #define HAVE_STDINT_H 1
| #define HAVE_UNISTD_H 1
| #define HAVE_DLFCN_H 1
| #define LT_OBJDIR ".libs/"
| #define HAVE_STDDEF_H 1
| #define HAVE_STDINT_H 1
| #define HAVE_STDLIB_H 1
| #define HAVE_STRING_H 1
| #define HAVE_SYS_TIME_H 1
| #define HAVE_UNISTD_H 1
| /* end confdefs.h.  */
| #include <stdio.h>
| #ifdef HAVE_SYS_TYPES_H
| # include <sys/types.h>
| #endif
| #ifdef HAVE_SYS_STAT_H
| # include <sys/stat.h>
| #endif
| #ifdef STDC_HEADERS
| # include <stdlib.h>
| # include <stddef.h>
| #else
| # ifdef HAVE_STDLIB_H
| #  include <stdlib.h>
| # endif
| #endif
| #ifdef HAVE_STRING_H
| # if !defined STDC_HEADERS && defined HAVE_MEMORY_H
| #  include <memory.h>
| # endif
| # include <string.h>
| #endif
| #ifdef HAVE_STRINGS_H
| # include <strings.h>
| #endif
| #ifdef HAVE_INTTYPES_H
| # include <inttypes.h>
| #endif
| #ifdef HAVE_STDINT_H
| # include <stdint.h>
| #endif
| #ifdef HAVE_UNISTD_H
| # include <unistd.h>
| #endif
| #include <vfork.h>
configure:16960: result: no
configure:16960: checking vfork.h presence
configure:16960: gcc -E  conftest.c
conftest.c:29:10: fatal error: 'vfork.h' file not found
#include <vfork.h>
         ^~~~~~~~~
1 error generated.
configure:16960: $? = 1
configure: failed program was:
| /* confdefs.h */
| #define PACKAGE_NAME "CppUTest"
| #define PACKAGE_TARNAME "cpputest"
| #define PACKAGE_VERSION "3.7.1"
| #define PACKAGE_STRING "CppUTest 3.7.1"
| #define PACKAGE_BUGREPORT "https://github.com/cpputest/cpputest"
| #define PACKAGE_URL ""
| #define PACKAGE "cpputest"
| #define VERSION "3.7.1"
| #define STDC_HEADERS 1
| #define HAVE_SYS_TYPES_H 1
| #define HAVE_SYS_STAT_H 1
| #define HAVE_STDLIB_H 1
| #define HAVE_STRING_H 1
| #define HAVE_MEMORY_H 1
| #define HAVE_STRINGS_H 1
| #define HAVE_INTTYPES_H 1
| #define HAVE_STDINT_H 1
| #define HAVE_UNISTD_H 1
| #define HAVE_DLFCN_H 1
| #define LT_OBJDIR ".libs/"
| #define HAVE_STDDEF_H 1
| #define HAVE_STDINT_H 1
| #define HAVE_STDLIB_H 1
| #define HAVE_STRING_H 1
| #define HAVE_SYS_TIME_H 1
| #define HAVE_UNISTD_H 1
| /* end confdefs.h.  */
| #include <vfork.h>
configure:16960: result: no
configure:16960: checking for vfork.h
configure:16960: result: no
configure:16973: checking for fork
configure:16973: gcc -o conftest -g -O2   conftest.c    -lpthread >&5
configure:16973: $? = 0
configure:16973: result: yes
configure:16973: checking for vfork
configure:16973: gcc -o conftest -g -O2   conftest.c    -lpthread >&5
conftest.c:53:6: warning: incompatible redeclaration of library function 'vfork' [-Wincompatible-library-redeclaration]
char vfork ();
     ^
conftest.c:53:6: note: 'vfork' is a builtin with type 'int (void)'
1 warning generated.
configure:16973: $? = 0
configure:16973: result: yes
configure:16983: checking for working fork
configure:17005: gcc -o conftest -g -O2   conftest.c    -lpthread >&5
configure:17005: $? = 0
configure:17005: ./conftest
configure:17005: $? = 0
configure:17015: result: yes
configure:17036: checking for working vfork
configure:17146: result: yes
configure:17174: checking for gettimeofday
configure:17174: gcc -o conftest -g -O2   conftest.c    -lpthread >&5
configure:17174: $? = 0
configure:17174: result: yes
configure:17174: checking for memset
configure:17174: gcc -o conftest -g -O2   conftest.c    -lpthread >&5
conftest.c:57:6: warning: incompatible redeclaration of library function 'memset' [-Wincompatible-library-redeclaration]
char memset ();
     ^
conftest.c:57:6: note: 'memset' is a builtin with type 'void *(void *, int, unsigned long)'
1 warning generated.
configure:17174: $? = 0
configure:17174: result: yes
configure:17174: checking for strstr
configure:17174: gcc -o conftest -g -O2   conftest.c    -lpthread >&5
conftest.c:58:6: warning: incompatible redeclaration of library function 'strstr' [-Wincompatible-library-redeclaration]
char strstr ();
     ^
conftest.c:58:6: note: 'strstr' is a builtin with type 'char *(const char *, const char *)'
1 warning generated.
configure:17174: $? = 0
configure:17174: result: yes
configure:17186: checking for gcc
configure:17202: found /usr/bin/gcc
configure:17214: result: yes
configure:17224: checking for clang
configure:17240: found /usr/bin/clang
configure:17252: result: yes
configure:17262: checking for lcov
configure:17290: result: no
configure:17300: checking for valgrind
configure:17328: result: no
configure:17338: checking for dash
configure:17366: result: no
configure:17409: checking whether CC and CXX supports -Weverything
configure:17422: gcc -c -Werror -Weverything -Wno-unused-macros  conftest.c >&5
configure:17422: $? = 0
configure:17423: result: yes
configure:17434: checking whether CXX supports -Wno-c++98-compat
configure:17447: gcc -c -g -O2  conftest.c >&5
configure:17447: $? = 0
configure:17448: result: yes
configure:17459: checking whether CC and CXX supports -Wall
configure:17472: gcc -c -Werror -Wall  conftest.c >&5
configure:17472: $? = 0
configure:17473: result: yes
configure:17484: checking whether CC and CXX supports -Wextra
configure:17497: gcc -c -Werror -Wextra  conftest.c >&5
configure:17497: $? = 0
configure:17498: result: yes
configure:17509: checking whether CC and CXX supports -Wshadow
configure:17522: gcc -c -Werror -Wshadow  conftest.c >&5
configure:17522: $? = 0
configure:17523: result: yes
configure:17534: checking whether CC and CXX supports -Wswitch-default
configure:17547: gcc -c -Werror -Wswitch-default  conftest.c >&5
configure:17547: $? = 0
configure:17548: result: yes
configure:17559: checking whether CC and CXX supports -Wswitch-enum
configure:17572: gcc -c -Werror -Wswitch-enum  conftest.c >&5
configure:17572: $? = 0
configure:17573: result: yes
configure:17584: checking whether CC and CXX supports -Wconversion
configure:17597: gcc -c -Werror -Wconversion  conftest.c >&5
configure:17597: $? = 0
configure:17598: result: yes
configure:17609: checking whether CC and CXX supports -pedantic
configure:17622: gcc -c -Werror -pedantic  conftest.c >&5
configure:17622: $? = 0
configure:17623: result: yes
configure:17634: checking whether CC supports -Wsign-conversion
configure:17647: gcc -c -Werror -Wsign-conversion  conftest.c >&5
configure:17647: $? = 0
configure:17648: result: yes
configure:17665: checking whether CXX supports -Wsign-conversion
configure:17678: g++ -c -Werror -Wsign-conversion  conftest.cpp >&5
configure:17678: $? = 0
configure:17679: result: yes
configure:17702: checking whether CXX supports -Woverloaded-virtual
configure:17715: g++ -c -Werror -Woverloaded-virtual  conftest.cpp >&5
configure:17715: $? = 0
configure:17716: result: yes
configure:17733: checking whether CC supports -Wstrict-prototypes
configure:17746: gcc -c -Werror -Wstrict-prototypes  conftest.c >&5
configure:17746: $? = 0
configure:17747: result: yes
configure:17759: checking whether CC and CXX supports -Wno-disabled-macro-expansion
configure:17772: gcc -c -Werror -Wno-disabled-macro-expansion  conftest.c >&5
configure:17772: $? = 0
configure:17773: result: yes
configure:17784: checking whether CC and CXX supports -Wno-padded
configure:17797: gcc -c -Werror -Wno-padded  conftest.c >&5
configure:17797: $? = 0
configure:17798: result: yes
configure:17815: checking whether CXX supports -Wno-global-constructors
configure:17828: g++ -c -Werror -Wno-global-constructors  conftest.cpp >&5
configure:17828: $? = 0
configure:17829: result: yes
configure:17852: checking whether CXX supports -Wno-exit-time-destructors
configure:17865: g++ -c -Werror -Wno-exit-time-destructors  conftest.cpp >&5
configure:17865: $? = 0
configure:17866: result: yes
configure:17889: checking whether CXX supports -Wno-weak-vtables
configure:17902: g++ -c -Werror -Wno-weak-vtables  conftest.cpp >&5
configure:17902: $? = 0
configure:17903: result: yes
configure:17926: checking whether CXX supports -Wno-old-style-cast
configure:17939: g++ -c -Werror -Wno-old-style-cast  conftest.cpp >&5
configure:17939: $? = 0
configure:17940: result: yes
configure:17963: checking whether CXX and the linker supports --coverage (broken in clang 3.3)
configure:17976: g++ -o conftest -Werror --coverage   conftest.cpp    -lpthread >&5
configure:17976: $? = 0
configure:17977: result: yes
configure:18003: checking whether CXX supports -std=c++0x
configure:18016: g++ -c -std=c++0x  conftest.cpp >&5
configure:18016: $? = 0
configure:18017: result: yes
configure:18027: checking whether CXX supports -std=c++11
configure:18040: g++ -c -std=c++11  conftest.cpp >&5
configure:18040: $? = 0
configure:18041: result: yes
configure:18051: checking whether CXX supports -stdlib=libc++
configure:18064: g++ -c -stdlib=libc++  conftest.cpp >&5
configure:18064: $? = 0
configure:18065: result: yes
configure:18092: checking whether CXX supports operator delete without exception handling specifier
configure:18105: g++ -c -Werror  conftest.cpp >&5
conftest.cpp:36:15: error: extra tokens at end of #include directive [-Werror,-Wextra-tokens]
#include <new>\nvoid operator delete(void* mem);
              ^
              //
1 error generated.
configure:18105: $? = 1
configure: failed program was:
| /* confdefs.h */
| #define PACKAGE_NAME "CppUTest"
| #define PACKAGE_TARNAME "cpputest"
| #define PACKAGE_VERSION "3.7.1"
| #define PACKAGE_STRING "CppUTest 3.7.1"
| #define PACKAGE_BUGREPORT "https://github.com/cpputest/cpputest"
| #define PACKAGE_URL ""
| #define PACKAGE "cpputest"
| #define VERSION "3.7.1"
| #define STDC_HEADERS 1
| #define HAVE_SYS_TYPES_H 1
| #define HAVE_SYS_STAT_H 1
| #define HAVE_STDLIB_H 1
| #define HAVE_STRING_H 1
| #define HAVE_MEMORY_H 1
| #define HAVE_STRINGS_H 1
| #define HAVE_INTTYPES_H 1
| #define HAVE_STDINT_H 1
| #define HAVE_UNISTD_H 1
| #define HAVE_DLFCN_H 1
| #define LT_OBJDIR ".libs/"
| #define HAVE_STDDEF_H 1
| #define HAVE_STDINT_H 1
| #define HAVE_STDLIB_H 1
| #define HAVE_STRING_H 1
| #define HAVE_SYS_TIME_H 1
| #define HAVE_UNISTD_H 1
| #define HAVE_FORK 1
| #define HAVE_VFORK 1
| #define HAVE_WORKING_VFORK 1
| #define HAVE_WORKING_FORK 1
| #define HAVE_GETTIMEOFDAY 1
| #define HAVE_MEMSET 1
| #define HAVE_STRSTR 1
| /* end confdefs.h.  */
| #include <new>\nvoid operator delete(void* mem);
| int
| main ()
| {
| 
|   ;
|   return 0;
| }
configure:18109: result: no
configure:18117: checking whether CXX supports operator new with exception handling specifier
configure:18130: g++ -c -Werror  conftest.cpp >&5
conftest.cpp:36:15: error: extra tokens at end of #include directive [-Werror,-Wextra-tokens]
#include <new>\nvoid* operator new(size_t size) throw(std::bad_alloc);;
              ^
              //
1 error generated.
configure:18130: $? = 1
configure: failed program was:
| /* confdefs.h */
| #define PACKAGE_NAME "CppUTest"
| #define PACKAGE_TARNAME "cpputest"
| #define PACKAGE_VERSION "3.7.1"
| #define PACKAGE_STRING "CppUTest 3.7.1"
| #define PACKAGE_BUGREPORT "https://github.com/cpputest/cpputest"
| #define PACKAGE_URL ""
| #define PACKAGE "cpputest"
| #define VERSION "3.7.1"
| #define STDC_HEADERS 1
| #define HAVE_SYS_TYPES_H 1
| #define HAVE_SYS_STAT_H 1
| #define HAVE_STDLIB_H 1
| #define HAVE_STRING_H 1
| #define HAVE_MEMORY_H 1
| #define HAVE_STRINGS_H 1
| #define HAVE_INTTYPES_H 1
| #define HAVE_STDINT_H 1
| #define HAVE_UNISTD_H 1
| #define HAVE_DLFCN_H 1
| #define LT_OBJDIR ".libs/"
| #define HAVE_STDDEF_H 1
| #define HAVE_STDINT_H 1
| #define HAVE_STDLIB_H 1
| #define HAVE_STRING_H 1
| #define HAVE_SYS_TIME_H 1
| #define HAVE_UNISTD_H 1
| #define HAVE_FORK 1
| #define HAVE_VFORK 1
| #define HAVE_WORKING_VFORK 1
| #define HAVE_WORKING_FORK 1
| #define HAVE_GETTIMEOFDAY 1
| #define HAVE_MEMSET 1
| #define HAVE_STRSTR 1
| /* end confdefs.h.  */
| #include <new>\nvoid* operator new(size_t size) throw(std::bad_alloc);;
| int
| main ()
| {
| 
|   ;
|   return 0;
| }
configure:18134: result: no
configure:18160: checking whether CXXLD supports -Qunused-arguments linker option
configure:18172: result: yes
configure:18181: checking whether LD supports -Wl,-map
configure:18194: gcc -o conftest -g -O2   -Wl,-map,filename.map.txt conftest.c    -lpthread >&5
configure:18194: $? = 0
configure:18195: result: yes
configure:18342: checking for the availability of gmock via the GMOCK_HOME variable
configure:18544: checking that generated files are newer than configure
configure:18550: result: done
configure:18597: creating ./config.status

## ---------------------- ##
## Running config.status. ##
## ---------------------- ##

This file was extended by CppUTest config.status 3.7.1, which was
generated by GNU Autoconf 2.69.  Invocation command line was

  CONFIG_FILES    = 
  CONFIG_HEADERS  = 
  CONFIG_LINKS    = 
  CONFIG_COMMANDS = 
  $ ./config.status 

on Javiers-MacBook-Pro-2.local

config.status:1190: creating cpputest.pc
config.status:1190: creating Makefile
config.status:1190: creating config.h
config.status:1419: executing depfiles commands
config.status:1419: executing libtool commands

## ---------------- ##
## Cache variables. ##
## ---------------- ##

ac_cv_build=x86_64-apple-darwin18.7.0
ac_cv_c_compiler_gnu=yes
ac_cv_c_inline=inline
ac_cv_c_int16_t=yes
ac_cv_c_int32_t=yes
ac_cv_c_int64_t=yes
ac_cv_c_int8_t=yes
ac_cv_c_uint16_t=yes
ac_cv_c_uint32_t=yes
ac_cv_c_uint64_t=yes
ac_cv_c_uint8_t=yes
ac_cv_cxx_compiler_gnu=yes
ac_cv_env_CCC_set=
ac_cv_env_CCC_value=
ac_cv_env_CC_set=
ac_cv_env_CC_value=
ac_cv_env_CFLAGS_set=
ac_cv_env_CFLAGS_value=
ac_cv_env_CPPFLAGS_set=
ac_cv_env_CPPFLAGS_value=
ac_cv_env_CPP_set=
ac_cv_env_CPP_value=
ac_cv_env_CXXCPP_set=
ac_cv_env_CXXCPP_value=
ac_cv_env_CXXFLAGS_set=
ac_cv_env_CXXFLAGS_value=
ac_cv_env_CXX_set=
ac_cv_env_CXX_value=
ac_cv_env_GMOCK_HOME_set=
ac_cv_env_GMOCK_HOME_value=
ac_cv_env_LDFLAGS_set=
ac_cv_env_LDFLAGS_value=
ac_cv_env_LIBS_set=
ac_cv_env_LIBS_value=
ac_cv_env_build_alias_set=
ac_cv_env_build_alias_value=
ac_cv_env_host_alias_set=
ac_cv_env_host_alias_value=
ac_cv_env_target_alias_set=
ac_cv_env_target_alias_value=
ac_cv_func_fork=yes
ac_cv_func_fork_works=yes
ac_cv_func_gettimeofday=yes
ac_cv_func_memset=yes
ac_cv_func_strstr=yes
ac_cv_func_vfork=yes
ac_cv_func_vfork_works=yes
ac_cv_header_dlfcn_h=yes
ac_cv_header_inttypes_h=yes
ac_cv_header_memory_h=yes
ac_cv_header_stdc=yes
ac_cv_header_stddef_h=yes
ac_cv_header_stdint_h=yes
ac_cv_header_stdlib_h=yes
ac_cv_header_string_h=yes
ac_cv_header_strings_h=yes
ac_cv_header_sys_stat_h=yes
ac_cv_header_sys_time_h=yes
ac_cv_header_sys_types_h=yes
ac_cv_header_unistd_h=yes
ac_cv_header_vfork_h=no
ac_cv_host=x86_64-apple-darwin18.7.0
ac_cv_lib_dl_dlopen=yes
ac_cv_objext=o
ac_cv_path_EGREP='/usr/bin/grep -E'
ac_cv_path_FGREP='/usr/bin/grep -F'
ac_cv_path_GREP=/usr/bin/grep
ac_cv_path_SED=/usr/bin/sed
ac_cv_path_install='/usr/bin/install -c'
ac_cv_prog_AWK=awk
ac_cv_prog_CPP='gcc -E'
ac_cv_prog_CPPUTEST_HAS_CLANG=yes
ac_cv_prog_CPPUTEST_HAS_DASH=no
ac_cv_prog_CPPUTEST_HAS_GCC=yes
ac_cv_prog_CPPUTEST_HAS_LCOV=no
ac_cv_prog_CPPUTEST_HAS_VALGRIND=no
ac_cv_prog_CXXCPP='g++ -E'
ac_cv_prog_ac_ct_AR=ar
ac_cv_prog_ac_ct_CC=gcc
ac_cv_prog_ac_ct_CXX=g++
ac_cv_prog_ac_ct_DSYMUTIL=dsymutil
ac_cv_prog_ac_ct_LIPO=lipo
ac_cv_prog_ac_ct_NMEDIT=nmedit
ac_cv_prog_ac_ct_OBJDUMP=objdump
ac_cv_prog_ac_ct_OTOOL=otool
ac_cv_prog_ac_ct_RANLIB=ranlib
ac_cv_prog_ac_ct_STRIP=strip
ac_cv_prog_cc_c89=
ac_cv_prog_cc_g=yes
ac_cv_prog_cxx_g=yes
ac_cv_prog_make_make_set=yes
ac_cv_type_pid_t=yes
ac_cv_type_size_t=yes
am_cv_CC_dependencies_compiler_type=gcc3
am_cv_CXX_dependencies_compiler_type=gcc3
am_cv_make_support_nested_variables=yes
am_cv_prog_cc_c_o=yes
lt_cv_apple_cc_single_mod=yes
lt_cv_ar_at_file=no
lt_cv_deplibs_check_method=pass_all
lt_cv_dlopen=dlopen
lt_cv_dlopen_libs=-ldl
lt_cv_dlopen_self=yes
lt_cv_dlopen_self_static=yes
lt_cv_file_magic_cmd='$MAGIC_CMD'
lt_cv_file_magic_test_file=
lt_cv_ld_exported_symbols_list=yes
lt_cv_ld_force_load=yes
lt_cv_ld_reload_flag=-r
lt_cv_nm_interface='BSD nm'
lt_cv_objdir=.libs
lt_cv_path_LD=/Applications/Xcode.app/Contents/Developer/Toolchains/XcodeDefault.xctoolchain/usr/bin/ld
lt_cv_path_LDCXX=/Applications/Xcode.app/Contents/Developer/Toolchains/XcodeDefault.xctoolchain/usr/bin/ld
lt_cv_path_NM='/usr/bin/nm -B'
lt_cv_path_mainfest_tool=no
lt_cv_prog_compiler_c_o=yes
lt_cv_prog_compiler_c_o_CXX=yes
lt_cv_prog_compiler_pic='-fno-common -DPIC'
lt_cv_prog_compiler_pic_CXX='-fno-common -DPIC'
lt_cv_prog_compiler_pic_works=yes
lt_cv_prog_compiler_pic_works_CXX=yes
lt_cv_prog_compiler_rtti_exceptions=yes
lt_cv_prog_compiler_static_works=no
lt_cv_prog_compiler_static_works_CXX=no
lt_cv_prog_gnu_ld=no
lt_cv_prog_gnu_ldcxx=no
lt_cv_sharedlib_from_linklib_cmd='printf %s\n'
lt_cv_sys_global_symbol_pipe='sed -n -e '\''s/^.*[	 ]\([BCDEGRST][BCDEGRST]*\)[	 ][	 ]*_\([_A-Za-z][_A-Za-z0-9]*\)$/\1 _\2 \2/p'\'' | sed '\''/ __gnu_lto/d'\'''
lt_cv_sys_global_symbol_to_c_name_address='sed -n -e '\''s/^: \([^ ]*\)[ ]*$/  {\"\1\", (void *) 0},/p'\'' -e '\''s/^[BCDEGRST]* \([^ ]*\) \([^ ]*\)$/  {"\2", (void *) \&\2},/p'\'''
lt_cv_sys_global_symbol_to_c_name_address_lib_prefix='sed -n -e '\''s/^: \([^ ]*\)[ ]*$/  {\"\1\", (void *) 0},/p'\'' -e '\''s/^[BCDEGRST]* \([^ ]*\) \(lib[^ ]*\)$/  {"\2", (void *) \&\2},/p'\'' -e '\''s/^[BCDEGRST]* \([^ ]*\) \([^ ]*\)$/  {"lib\2", (void *) \&\2},/p'\'''
lt_cv_sys_global_symbol_to_cdecl='sed -n -e '\''s/^T .* \(.*\)$/extern int \1();/p'\'' -e '\''s/^[BCDEGRST]* .* \(.*\)$/extern char \1;/p'\'''
lt_cv_sys_max_cmd_len=196608
lt_cv_to_host_file_cmd=func_convert_file_noop
lt_cv_to_tool_file_cmd=func_convert_file_noop

## ----------------- ##
## Output variables. ##
## ----------------- ##

ACLOCAL='${SHELL} /Users/javiervega/git/Digital-Clock/Testing/CppUTest/missing aclocal-1.14'
ALL_FILES_IN_GIT=''
AMDEPBACKSLASH='\'
AMDEP_FALSE='#'
AMDEP_TRUE=''
AMTAR='$${TAR-tar}'
AM_BACKSLASH='\'
AM_DEFAULT_V='$(AM_DEFAULT_VERBOSITY)'
AM_DEFAULT_VERBOSITY='1'
AM_V='$(V)'
AR='ar'
AUTOCONF='${SHELL} /Users/javiervega/git/Digital-Clock/Testing/CppUTest/missing autoconf'
AUTOHEADER='${SHELL} /Users/javiervega/git/Digital-Clock/Testing/CppUTest/missing autoheader'
AUTOMAKE='${SHELL} /Users/javiervega/git/Digital-Clock/Testing/CppUTest/missing automake-1.14'
AWK='awk'
CC='gcc'
CCDEPMODE='depmode=gcc3'
CFLAGS='-g -O2'
CPP='gcc -E'
CPPFLAGS=''
CPPUTEST_ADDITIONAL_CFLAGS=''
CPPUTEST_ADDITIONAL_CPPFLAGS=''
CPPUTEST_ADDITIONAL_CXXFLAGS=''
CPPUTEST_CFLAGS='  -Weverything -Wall -Wextra -Wshadow -Wswitch-default -Wswitch-enum -Wconversion -pedantic -Wsign-conversion -Wstrict-prototypes -Wno-disabled-macro-expansion -Wno-padded '
CPPUTEST_CPPFLAGS=' -include ./include/CppUTest/MemoryLeakDetectorMallocMacros.h -I ./include '
CPPUTEST_CXXFLAGS=' -include ./include/CppUTest/MemoryLeakDetectorNewMacros.h  -Weverything -Wall -Wextra -Wshadow -Wswitch-default -Wswitch-enum -Wconversion -pedantic -Wsign-conversion -Woverloaded-virtual -Wno-disabled-macro-expansion -Wno-padded -Wno-global-constructors -Wno-exit-time-destructors -Wno-weak-vtables -Wno-old-style-cast '
CPPUTEST_HAS_CLANG='yes'
CPPUTEST_HAS_DASH='no'
CPPUTEST_HAS_GCC='yes'
CPPUTEST_HAS_LCOV='no'
CPPUTEST_HAS_VALGRIND='no'
CPPUTEST_LDADD=''
CPPUTEST_LDFLAGS=''
CPPUTEST_ON_MACOSX='yes'
CPP_PLATFORM='Gcc'
CXX='g++'
CXXCPP='g++ -E'
CXXDEPMODE='depmode=gcc3'
CXXFLAGS='-g -O2'
CYGPATH_W='echo'
DEFS='-DHAVE_CONFIG_H'
DEPDIR='.deps'
DLLTOOL='false'
DSYMUTIL='dsymutil'
DUMPBIN=''
ECHO_C='\c'
ECHO_N=''
ECHO_T=''
EGREP='/usr/bin/grep -E'
EXEEXT=''
FGREP='/usr/bin/grep -F'
GMOCK_HOME=''
GREP='/usr/bin/grep'
INCLUDE_CPPUTEST_EXT=''
INCLUDE_CPPUTEST_EXT_FALSE='#'
INCLUDE_CPPUTEST_EXT_TRUE=''
INCLUDE_GMOCKTESTS_FALSE=''
INCLUDE_GMOCKTESTS_TRUE='#'
INSTALL_DATA='${INSTALL} -m 644'
INSTALL_PROGRAM='${INSTALL}'
INSTALL_SCRIPT='${INSTALL}'
INSTALL_STRIP_PROGRAM='$(install_sh) -c -s'
LD='/Applications/Xcode.app/Contents/Developer/Toolchains/XcodeDefault.xctoolchain/usr/bin/ld'
LDFLAGS=''
LIBOBJS=''
LIBS='   -lpthread'
LIBTOOL='$(SHELL) $(top_builddir)/libtool'
LIPO='lipo'
LN_S='ln -s'
LTLIBOBJS=''
MAINT='#'
MAINTAINER_MODE_FALSE=''
MAINTAINER_MODE_TRUE='#'
MAKEINFO='${SHELL} /Users/javiervega/git/Digital-Clock/Testing/CppUTest/missing makeinfo'
MANIFEST_TOOL=':'
MKDIR_P='./install-sh -c -d'
MOSTLYCLEANFILES=''
NM='/usr/bin/nm -B'
NMEDIT='nmedit'
OBJDUMP='objdump'
OBJEXT='o'
OTOOL64=':'
OTOOL='otool'
PACKAGE='cpputest'
PACKAGE_BUGREPORT='https://github.com/cpputest/cpputest'
PACKAGE_NAME='CppUTest'
PACKAGE_STRING='CppUTest 3.7.1'
PACKAGE_TARNAME='cpputest'
PACKAGE_URL=''
PACKAGE_VERSION='3.7.1'
PATH_SEPARATOR=':'
PTHREAD_CC='gcc'
PTHREAD_CFLAGS='-D_THREAD_SAFE '
PTHREAD_LIBS=''
RANLIB='ranlib'
SED='/usr/bin/sed'
SET_MAKE=''
SHELL='/bin/sh'
STRIP='strip'
TEST_COMPILER_IS_CLANG_FALSE='#'
TEST_COMPILER_IS_CLANG_TRUE=''
VERSION='3.7.1'
ac_ct_AR='ar'
ac_ct_CC='gcc'
ac_ct_CXX='g++'
ac_ct_DUMPBIN=''
acx_pthread_config=''
am__EXEEXT_FALSE=''
am__EXEEXT_TRUE='#'
am__fastdepCC_FALSE='#'
am__fastdepCC_TRUE=''
am__fastdepCXX_FALSE='#'
am__fastdepCXX_TRUE=''
am__include='include'
am__isrc=''
am__leading_dot='.'
am__nodep='_no'
am__quote=''
am__tar='$${TAR-tar} chof - "$$tardir"'
am__untar='$${TAR-tar} xf -'
bindir='${exec_prefix}/bin'
build='x86_64-apple-darwin18.7.0'
build_alias=''
build_cpu='x86_64'
build_os='darwin18.7.0'
build_vendor='apple'
datadir='${datarootdir}'
datarootdir='${prefix}/share'
docdir='${datarootdir}/doc/${PACKAGE_TARNAME}'
dvidir='${docdir}'
exec_prefix='${prefix}'
host='x86_64-apple-darwin18.7.0'
host_alias=''
host_cpu='x86_64'
host_os='darwin18.7.0'
host_vendor='apple'
htmldir='${docdir}'
includedir='${prefix}/include'
infodir='${datarootdir}/info'
install_sh='${SHELL} /Users/javiervega/git/Digital-Clock/Testing/CppUTest/install-sh'
libdir='${exec_prefix}/lib'
libexecdir='${exec_prefix}/libexec'
localedir='${datarootdir}/locale'
localstatedir='${prefix}/var'
mandir='${datarootdir}/man'
mkdir_p='$(MKDIR_P)'
oldincludedir='/usr/include'
pdfdir='${docdir}'
prefix='/usr/local'
program_transform_name='s,x,x,'
psdir='${docdir}'
sbindir='${exec_prefix}/sbin'
sharedstatedir='${prefix}/com'
sysconfdir='${prefix}/etc'
target_alias=''

## ----------- ##
## confdefs.h. ##
## ----------- ##

/* confdefs.h */
#define PACKAGE_NAME "CppUTest"
#define PACKAGE_TARNAME "cpputest"
#define PACKAGE_VERSION "3.7.1"
#define PACKAGE_STRING "CppUTest 3.7.1"
#define PACKAGE_BUGREPORT "https://github.com/cpputest/cpputest"
#define PACKAGE_URL ""
#define PACKAGE "cpputest"
#define VERSION "3.7.1"
#define STDC_HEADERS 1
#define HAVE_SYS_TYPES_H 1
#define HAVE_SYS_STAT_H 1
#define HAVE_STDLIB_H 1
#define HAVE_STRING_H 1
#define HAVE_MEMORY_H 1
#define HAVE_STRINGS_H 1
#define HAVE_INTTYPES_H 1
#define HAVE_STDINT_H 1
#define HAVE_UNISTD_H 1
#define HAVE_DLFCN_H 1
#define LT_OBJDIR ".libs/"
#define HAVE_STDDEF_H 1
#define HAVE_STDINT_H 1
#define HAVE_STDLIB_H 1
#define HAVE_STRING_H 1
#define HAVE_SYS_TIME_H 1
#define HAVE_UNISTD_H 1
#define HAVE_FORK 1
#define HAVE_VFORK 1
#define HAVE_WORKING_VFORK 1
#define HAVE_WORKING_FORK 1
#define HAVE_GETTIMEOFDAY 1
#define HAVE_MEMSET 1
#define HAVE_STRSTR 1
#define CPPUTEST_COMPILATION 1

configure: exit 0
